#! /c/Source/iverilog-install/bin/vvp
:ivl_version "12.0 (devel)" "(s20150603-1539-g2693dd32b)";
:ivl_delay_selection "TYPICAL";
:vpi_time_precision - 12;
:vpi_module "C:\iverilog\lib\ivl\system.vpi";
:vpi_module "C:\iverilog\lib\ivl\vhdl_sys.vpi";
:vpi_module "C:\iverilog\lib\ivl\vhdl_textio.vpi";
:vpi_module "C:\iverilog\lib\ivl\v2005_math.vpi";
:vpi_module "C:\iverilog\lib\ivl\va_math.vpi";
S_000001ee8f502cd0 .scope module, "astra8_topological_metamaterial" "astra8_topological_metamaterial" 2 74;
 .timescale -9 -12;
    .port_info 0 /INPUT 1 "clk";
    .port_info 1 /INPUT 1 "rst_n";
    .port_info 2 /INPUT 8 "acoustic_wave_freq";
    .port_info 3 /INPUT 32 "lattice_config_data";
    .port_info 4 /INPUT 1 "lattice_config_en";
    .port_info 5 /INPUT 32 "data_in_a";
    .port_info 6 /INPUT 32 "data_in_b";
    .port_info 7 /OUTPUT 32 "data_out";
    .port_info 8 /OUTPUT 32 "lattice_state";
P_000001ee8f4d2ce0 .param/l "DATA_WIDTH" 0 2 75, +C4<00000000000000000000000000100000>;
P_000001ee8f4d2d18 .param/l "LATTICE_NODES" 0 2 76, +C4<00000000000000000000000000010000>;
P_000001ee8f4d2d50 .param/l "LOWER_BOUND" 1 2 154, C4<10100011>;
P_000001ee8f4d2d88 .param/l "MAX_FREQ_VAL" 1 2 151, C4<11111111>;
P_000001ee8f4d2dc0 .param/l "RESONANCE_FREQ" 0 2 79, C4<10100101>;
P_000001ee8f4d2df8 .param/l "RESONANCE_RANGE" 1 2 162, C4<00000100>;
P_000001ee8f4d2e30 .param/l "RESONANCE_TOLERANCE" 0 2 80, C4<00000010>;
P_000001ee8f4d2e68 .param/l "STATE_WIDTH" 1 2 138, +C4<0000000000000000000000000000000000000000000000000000000000100000>;
P_000001ee8f4d2ea0 .param/l "UPPER_BOUND" 1 2 158, C4<10100111>;
P_000001ee8f4d2ed8 .param/l "UPPER_SUM" 1 2 152, C4<010100111>;
P_000001ee8f4d2f10 .param/l "WAVE_FREQ_WIDTH" 0 2 77, +C4<00000000000000000000000000001000>;
o000001ee8f51b588 .functor BUFZ 1, C4<z>; HiZ drive
L_000001ee8f517190 .functor AND 1, o000001ee8f51b588, L_000001ee8f56e6f0, C4<1>, C4<1>;
o000001ee8f51b4c8 .functor BUFZ 32, C4<zzzzzzzzzzzzzzzzzzzzzzzzzzzzzzzz>; HiZ drive
L_000001ee8f517270 .functor NOT 32, o000001ee8f51b4c8, C4<00000000000000000000000000000000>, C4<00000000000000000000000000000000>, C4<00000000000000000000000000000000>;
o000001ee8f51b4f8 .functor BUFZ 32, C4<zzzzzzzzzzzzzzzzzzzzzzzzzzzzzzzz>; HiZ drive
L_000001ee8f5172e0 .functor XOR 32, o000001ee8f51b4c8, o000001ee8f51b4f8, C4<00000000000000000000000000000000>, C4<00000000000000000000000000000000>;
L_000001ee8f517c80 .functor OR 32, o000001ee8f51b4c8, o000001ee8f51b4f8, C4<00000000000000000000000000000000>, C4<00000000000000000000000000000000>;
L_000001ee8f517c10 .functor AND 32, o000001ee8f51b4c8, o000001ee8f51b4f8, C4<11111111111111111111111111111111>, C4<11111111111111111111111111111111>;
L_000001ee8f517cf0 .functor BUFZ 32, v000001ee8f56dc50_0, C4<00000000000000000000000000000000>, C4<00000000000000000000000000000000>, C4<00000000000000000000000000000000>;
L_000001ee8f56f8f8 .functor BUFT 1, C4<10100011>, C4<0>, C4<0>, C4<0>;
v000001ee8f4fd570_0 .net/2u *"_ivl_0", 7 0, L_000001ee8f56f8f8;  1 drivers
L_000001ee8f56f988 .functor BUFT 1, C4<00000000000000000000000000000000>, C4<0>, C4<0>, C4<0>;
v000001ee8f4fd1b0_0 .net/2u *"_ivl_10", 31 0, L_000001ee8f56f988;  1 drivers
v000001ee8f4fded0_0 .net *"_ivl_12", 0 0, L_000001ee8f56da70;  1 drivers
L_000001ee8f56f9d0 .functor BUFT 1, C4<00000000000000000000000000000000>, C4<0>, C4<0>, C4<0>;
v000001ee8f4fdf70_0 .net/2u *"_ivl_14", 31 0, L_000001ee8f56f9d0;  1 drivers
v000001ee8f4fd250_0 .net *"_ivl_16", 0 0, L_000001ee8f56ebf0;  1 drivers
v000001ee8f4fd890_0 .net *"_ivl_18", 31 0, L_000001ee8f517270;  1 drivers
v000001ee8f4fe010_0 .net *"_ivl_2", 7 0, L_000001ee8f56d930;  1 drivers
v000001ee8f4fd930_0 .net *"_ivl_20", 31 0, L_000001ee8f5172e0;  1 drivers
v000001ee8f4fd4d0_0 .net *"_ivl_22", 31 0, L_000001ee8f56e790;  1 drivers
L_000001ee8f56fa18 .functor BUFT 1, C4<00000000000000000000000000000000>, C4<0>, C4<0>, C4<0>;
v000001ee8f4fd610_0 .net/2u *"_ivl_24", 31 0, L_000001ee8f56fa18;  1 drivers
v000001ee8f4fd6b0_0 .net *"_ivl_26", 0 0, L_000001ee8f56edd0;  1 drivers
v000001ee8f4fd9d0_0 .net *"_ivl_28", 31 0, L_000001ee8f517c80;  1 drivers
v000001ee8f4fdc50_0 .net *"_ivl_30", 31 0, L_000001ee8f517c10;  1 drivers
v000001ee8f4fdcf0_0 .net *"_ivl_32", 31 0, L_000001ee8f56df70;  1 drivers
L_000001ee8f56f940 .functor BUFT 1, C4<00000100>, C4<0>, C4<0>, C4<0>;
v000001ee8f56f2d0_0 .net/2u *"_ivl_4", 7 0, L_000001ee8f56f940;  1 drivers
o000001ee8f51b438 .functor BUFZ 8, C4<zzzzzzzz>; HiZ drive
v000001ee8f56f050_0 .net "acoustic_wave_freq", 7 0, o000001ee8f51b438;  0 drivers
o000001ee8f51b468 .functor BUFZ 1, C4<z>; HiZ drive
v000001ee8f56e510_0 .net "clk", 0 0, o000001ee8f51b468;  0 drivers
v000001ee8f56dc50_0 .var "current_lattice_state", 31 0;
v000001ee8f56f0f0_0 .net "data_in_a", 31 0, o000001ee8f51b4c8;  0 drivers
v000001ee8f56dbb0_0 .net "data_in_b", 31 0, o000001ee8f51b4f8;  0 drivers
v000001ee8f56e650_0 .net "data_out", 31 0, L_000001ee8f56ec90;  1 drivers
o000001ee8f51b558 .functor BUFZ 32, C4<zzzzzzzzzzzzzzzzzzzzzzzzzzzzzzzz>; HiZ drive
v000001ee8f56f5f0_0 .net "lattice_config_data", 31 0, o000001ee8f51b558;  0 drivers
v000001ee8f56e0b0_0 .net "lattice_config_en", 0 0, o000001ee8f51b588;  0 drivers
v000001ee8f56f410_0 .net "lattice_state", 31 0, L_000001ee8f517cf0;  1 drivers
v000001ee8f56eab0_0 .net "lattice_update_en", 0 0, L_000001ee8f517190;  1 drivers
v000001ee8f56d9d0_0 .net "resonance_achieved", 0 0, L_000001ee8f56e6f0;  1 drivers
o000001ee8f51b648 .functor BUFZ 1, C4<z>; HiZ drive
v000001ee8f56de30_0 .net "rst_n", 0 0, o000001ee8f51b648;  0 drivers
v000001ee8f56f7d0_0 .var "sel0", 31 0;
v000001ee8f56eb50_0 .var "sel1", 31 0;
E_000001ee8f4fefa0 .event anyedge, v000001ee8f4fd7f0_0, v000001ee8f56dc50_0;
E_000001ee8f4fe160/0 .event negedge, v000001ee8f56de30_0;
E_000001ee8f4fe160/1 .event posedge, v000001ee8f56e510_0;
E_000001ee8f4fe160 .event/or E_000001ee8f4fe160/0, E_000001ee8f4fe160/1;
L_000001ee8f56d930 .arith/sub 8, o000001ee8f51b438, L_000001ee8f56f8f8;
L_000001ee8f56e6f0 .cmp/ge 8, L_000001ee8f56f940, L_000001ee8f56d930;
L_000001ee8f56da70 .cmp/ne 32, v000001ee8f56eb50_0, L_000001ee8f56f988;
L_000001ee8f56ebf0 .cmp/ne 32, v000001ee8f56f7d0_0, L_000001ee8f56f9d0;
L_000001ee8f56e790 .functor MUXZ 32, L_000001ee8f5172e0, L_000001ee8f517270, L_000001ee8f56ebf0, C4<>;
L_000001ee8f56edd0 .cmp/ne 32, v000001ee8f56f7d0_0, L_000001ee8f56fa18;
L_000001ee8f56df70 .functor MUXZ 32, L_000001ee8f517c10, L_000001ee8f517c80, L_000001ee8f56edd0, C4<>;
L_000001ee8f56ec90 .functor MUXZ 32, L_000001ee8f56df70, L_000001ee8f56e790, L_000001ee8f56da70, C4<>;
S_000001ee8f4d2f50 .scope begin, "gen_lattice_sel" "gen_lattice_sel" 2 207, 2 207 0, S_000001ee8f502cd0;
 .timescale -9 -12;
v000001ee8f4fd430_0 .var/i "idx", 31 0;
v000001ee8f4fd7f0_0 .var/i "node_idx", 31 0;
S_000001ee8f504c40 .scope begin, "self_test_output_mux" "self_test_output_mux" 2 256, 2 256 0, S_000001ee8f502cd0;
 .timescale -9 -12;
v000001ee8f4fda70_0 .var "a_bit", 0 0;
v000001ee8f4fdbb0_0 .var/i "ab", 31 0;
v000001ee8f4fd750_0 .var "b_bit", 0 0;
v000001ee8f4fd390_0 .var "expected", 0 0;
v000001ee8f4fdb10_0 .var "got", 0 0;
v000001ee8f4fdd90_0 .var/i "s", 31 0;
v000001ee8f4fd110_0 .var "sel_val", 1 0;
    .scope S_000001ee8f502cd0;
T_0 ;
    %wait E_000001ee8f4fe160;
    %load/vec4 v000001ee8f56de30_0;
    %nor/r;
    %flag_set/vec4 8;
    %jmp/0xz  T_0.0, 8;
    %pushi/vec4 0, 0, 32;
    %assign/vec4 v000001ee8f56dc50_0, 0;
    %jmp T_0.1;
T_0.0 ;
    %load/vec4 v000001ee8f56eab0_0;
    %cmpi/e 1, 1, 1;
    %jmp/1 T_0.4, 6;
    %flag_mov 8, 6;
    %load/vec4 v000001ee8f56eab0_0;
    %cmpi/e 0, 1, 1;
    %flag_or 6, 8;
T_0.4;
    %jmp/0xz  T_0.2, 6;
    %load/vec4 v000001ee8f56eab0_0;
    %flag_set/vec4 8;
    %jmp/0 T_0.5, 8;
    %load/vec4 v000001ee8f56f5f0_0;
    %jmp/1 T_0.6, 8;
T_0.5 ; End of true expr.
    %load/vec4 v000001ee8f56dc50_0;
    %jmp/0 T_0.6, 8;
 ; End of false expr.
    %blend;
T_0.6;
    %assign/vec4 v000001ee8f56dc50_0, 0;
    %jmp T_0.3;
T_0.2 ;
    %load/vec4 v000001ee8f56eab0_0;
    %flag_set/vec4 8;
    %jmp/0xz  T_0.7, 8;
    %load/vec4 v000001ee8f56f5f0_0;
    %assign/vec4 v000001ee8f56dc50_0, 0;
T_0.7 ;
T_0.3 ;
T_0.1 ;
    %jmp T_0;
    .thread T_0;
    .scope S_000001ee8f502cd0;
T_1 ;
    %wait E_000001ee8f4fefa0;
    %fork t_1, S_000001ee8f4d2f50;
    %jmp t_0;
    .scope S_000001ee8f4d2f50;
t_1 ;
    %pushi/vec4 0, 0, 32;
    %store/vec4 v000001ee8f4fd7f0_0, 0, 32;
    %pushi/vec4 0, 0, 32;
    %store/vec4 v000001ee8f4fd430_0, 0, 32;
T_1.0 ;
    %load/vec4 v000001ee8f4fd430_0;
    %cmpi/s 32, 0, 32;
    %jmp/0xz T_1.1, 5;
    %load/vec4 v000001ee8f56dc50_0;
    %load/vec4 v000001ee8f4fd7f0_0;
    %muli 2, 0, 32;
    %part/s 1;
    %ix/getv/s 4, v000001ee8f4fd430_0;
    %store/vec4 v000001ee8f56f7d0_0, 4, 1;
    %load/vec4 v000001ee8f56dc50_0;
    %load/vec4 v000001ee8f4fd7f0_0;
    %muli 2, 0, 32;
    %addi 1, 0, 32;
    %part/s 1;
    %ix/getv/s 4, v000001ee8f4fd430_0;
    %store/vec4 v000001ee8f56eb50_0, 4, 1;
    %load/vec4 v000001ee8f4fd7f0_0;
    %cmpi/e 15, 0, 32;
    %jmp/0xz  T_1.2, 4;
    %pushi/vec4 0, 0, 32;
    %store/vec4 v000001ee8f4fd7f0_0, 0, 32;
    %jmp T_1.3;
T_1.2 ;
    %load/vec4 v000001ee8f4fd7f0_0;
    %addi 1, 0, 32;
    %store/vec4 v000001ee8f4fd7f0_0, 0, 32;
T_1.3 ;
    %load/vec4 v000001ee8f4fd430_0;
    %addi 1, 0, 32;
    %store/vec4 v000001ee8f4fd430_0, 0, 32;
    %jmp T_1.0;
T_1.1 ;
    %end;
    .scope S_000001ee8f502cd0;
t_0 %join;
    %jmp T_1;
    .thread T_1, $push;
    .scope S_000001ee8f502cd0;
T_2 ;
    %fork t_3, S_000001ee8f504c40;
    %jmp t_2;
    .scope S_000001ee8f504c40;
t_3 ;
    %pushi/vec4 0, 0, 32;
    %store/vec4 v000001ee8f4fdd90_0, 0, 32;
T_2.0 ;
    %load/vec4 v000001ee8f4fdd90_0;
    %cmpi/s 4, 0, 32;
    %jmp/0xz T_2.1, 5;
    %pushi/vec4 0, 0, 32;
    %store/vec4 v000001ee8f4fdbb0_0, 0, 32;
T_2.2 ;
    %load/vec4 v000001ee8f4fdbb0_0;
    %cmpi/s 4, 0, 32;
    %jmp/0xz T_2.3, 5;
    %load/vec4 v000001ee8f4fdbb0_0;
    %parti/s 1, 1, 2;
    %store/vec4 v000001ee8f4fda70_0, 0, 1;
    %load/vec4 v000001ee8f4fdbb0_0;
    %parti/s 1, 0, 2;
    %store/vec4 v000001ee8f4fd750_0, 0, 1;
    %load/vec4 v000001ee8f4fdd90_0;
    %parti/s 2, 0, 2;
    %store/vec4 v000001ee8f4fd110_0, 0, 2;
    %load/vec4 v000001ee8f4fd110_0;
    %dup/vec4;
    %pushi/vec4 0, 0, 2;
    %cmp/u;
    %jmp/1 T_2.4, 6;
    %dup/vec4;
    %pushi/vec4 1, 0, 2;
    %cmp/u;
    %jmp/1 T_2.5, 6;
    %dup/vec4;
    %pushi/vec4 2, 0, 2;
    %cmp/u;
    %jmp/1 T_2.6, 6;
    %dup/vec4;
    %pushi/vec4 3, 0, 2;
    %cmp/u;
    %jmp/1 T_2.7, 6;
    %pushi/vec4 1, 1, 1;
    %store/vec4 v000001ee8f4fd390_0, 0, 1;
    %jmp T_2.9;
T_2.4 ;
    %load/vec4 v000001ee8f4fda70_0;
    %load/vec4 v000001ee8f4fd750_0;
    %and;
    %store/vec4 v000001ee8f4fd390_0, 0, 1;
    %jmp T_2.9;
T_2.5 ;
    %load/vec4 v000001ee8f4fda70_0;
    %load/vec4 v000001ee8f4fd750_0;
    %or;
    %store/vec4 v000001ee8f4fd390_0, 0, 1;
    %jmp T_2.9;
T_2.6 ;
    %load/vec4 v000001ee8f4fda70_0;
    %load/vec4 v000001ee8f4fd750_0;
    %xor;
    %store/vec4 v000001ee8f4fd390_0, 0, 1;
    %jmp T_2.9;
T_2.7 ;
    %load/vec4 v000001ee8f4fda70_0;
    %inv;
    %store/vec4 v000001ee8f4fd390_0, 0, 1;
    %jmp T_2.9;
T_2.9 ;
    %pop/vec4 1;
    %load/vec4 v000001ee8f4fd110_0;
    %parti/s 1, 1, 2;
    %flag_set/vec4 8;
    %jmp/0 T_2.10, 8;
    %load/vec4 v000001ee8f4fd110_0;
    %parti/s 1, 0, 2;
    %flag_set/vec4 9;
    %jmp/0 T_2.12, 9;
    %load/vec4 v000001ee8f4fda70_0;
    %inv;
    %jmp/1 T_2.13, 9;
T_2.12 ; End of true expr.
    %load/vec4 v000001ee8f4fda70_0;
    %load/vec4 v000001ee8f4fd750_0;
    %xor;
    %jmp/0 T_2.13, 9;
 ; End of false expr.
    %blend;
T_2.13;
    %jmp/1 T_2.11, 8;
T_2.10 ; End of true expr.
    %load/vec4 v000001ee8f4fd110_0;
    %parti/s 1, 0, 2;
    %flag_set/vec4 9;
    %jmp/0 T_2.14, 9;
    %load/vec4 v000001ee8f4fda70_0;
    %load/vec4 v000001ee8f4fd750_0;
    %or;
    %jmp/1 T_2.15, 9;
T_2.14 ; End of true expr.
    %load/vec4 v000001ee8f4fda70_0;
    %load/vec4 v000001ee8f4fd750_0;
    %and;
    %jmp/0 T_2.15, 9;
 ; End of false expr.
    %blend;
T_2.15;
    %jmp/0 T_2.11, 8;
 ; End of false expr.
    %blend;
T_2.11;
    %store/vec4 v000001ee8f4fdb10_0, 0, 1;
    %load/vec4 v000001ee8f4fdb10_0;
    %load/vec4 v000001ee8f4fd390_0;
    %cmp/ne;
    %jmp/0xz  T_2.16, 6;
    %vpi_call 2 278 "$display", "FATAL [%m]: Output mux self-test FAILED! sel=%b a=%b b=%b expected=%b got=%b", v000001ee8f4fd110_0, v000001ee8f4fda70_0, v000001ee8f4fd750_0, v000001ee8f4fd390_0, v000001ee8f4fdb10_0 {0 0 0};
    %vpi_call 2 280 "$finish" {0 0 0};
T_2.16 ;
    %load/vec4 v000001ee8f4fdbb0_0;
    %addi 1, 0, 32;
    %store/vec4 v000001ee8f4fdbb0_0, 0, 32;
    %jmp T_2.2;
T_2.3 ;
    %load/vec4 v000001ee8f4fdd90_0;
    %addi 1, 0, 32;
    %store/vec4 v000001ee8f4fdd90_0, 0, 32;
    %jmp T_2.0;
T_2.1 ;
    %vpi_call 2 284 "$display", "INFO [%m]: Output mux self-test PASSED (16/16 cases)." {0 0 0};
    %end;
    .scope S_000001ee8f502cd0;
t_2 %join;
    %end;
    .thread T_2;
# The file index is used to find the file name in the following table.
:file_names 3;
    "N/A";
    "<interactive>";
    "astra8_topological_metamaterial.v";
