#! /c/Source/iverilog-install/bin/vvp
:ivl_version "12.0 (devel)" "(s20150603-1539-g2693dd32b)";
:ivl_delay_selection "TYPICAL";
:vpi_time_precision - 12;
:vpi_module "C:\iverilog\lib\ivl\system.vpi";
:vpi_module "C:\iverilog\lib\ivl\vhdl_sys.vpi";
:vpi_module "C:\iverilog\lib\ivl\vhdl_textio.vpi";
:vpi_module "C:\iverilog\lib\ivl\v2005_math.vpi";
:vpi_module "C:\iverilog\lib\ivl\va_math.vpi";
:vpi_module "C:\iverilog\lib\ivl\v2009.vpi";
S_000001d5ded42b00 .scope package, "$unit" "$unit" 2 1;
 .timescale 0 0;
S_000001d5ded42c90 .scope module, "titan_x5_alu" "titan_x5_alu" 3 15;
 .timescale -9 -12;
    .port_info 0 /INPUT 1 "clk";
    .port_info 1 /INPUT 1 "rst_n";
    .port_info 2 /INPUT 1 "valid_in";
    .port_info 3 /INPUT 5 "opcode";
    .port_info 4 /INPUT 32 "src1";
    .port_info 5 /INPUT 32 "src2";
    .port_info 6 /INPUT 32 "src3";
    .port_info 7 /INPUT 1 "stall_in";
    .port_info 8 /OUTPUT 1 "valid_out";
    .port_info 9 /OUTPUT 32 "result_out";
    .port_info 10 /OUTPUT 1 "ready_out";
P_000001d5ded71550 .param/l "DATA_WIDTH" 0 3 16, +C4<00000000000000000000000000100000>;
P_000001d5ded71588 .param/l "OP_ADD" 1 3 38, C4<00000>;
P_000001d5ded715c0 .param/l "OP_AND" 1 3 42, C4<00101>;
P_000001d5ded715f8 .param/l "OP_DIV" 1 3 41, C4<00011>;
P_000001d5ded71630 .param/l "OP_FADD" 1 3 45, C4<10000>;
P_000001d5ded71668 .param/l "OP_FMA" 1 3 47, C4<10101>;
P_000001d5ded716a0 .param/l "OP_FMUL" 1 3 46, C4<10001>;
P_000001d5ded716d8 .param/l "OP_MUL" 1 3 40, C4<00010>;
P_000001d5ded71710 .param/l "OP_OR" 1 3 43, C4<00110>;
P_000001d5ded71748 .param/l "OP_SUB" 1 3 39, C4<00001>;
P_000001d5ded71780 .param/l "OP_XOR" 1 3 44, C4<00111>;
L_000001d5ded8fc50 .functor OR 1, L_000001d5dede35f0, L_000001d5dede2470, C4<0>, C4<0>;
L_000001d5ded8f630 .functor OR 1, L_000001d5ded8fc50, L_000001d5dede23d0, C4<0>, C4<0>;
L_000001d5ded8f4e0 .functor OR 1, v000001d5dede30f0_0, v000001d5dede37d0_0, C4<0>, C4<0>;
L_000001d5ded8fa90 .functor OR 1, L_000001d5ded8f4e0, v000001d5ded6ff80_0, C4<0>, C4<0>;
L_000001d5ded8fa20 .functor OR 1, L_000001d5ded8fa90, v000001d5dede2650_0, C4<0>, C4<0>;
L_000001d5dede4078 .functor BUFT 1, C4<10000>, C4<0>, C4<0>, C4<0>;
v000001d5ded6f6c0_0 .net/2u *"_ivl_0", 4 0, L_000001d5dede4078;  1 drivers
L_000001d5dede4108 .functor BUFT 1, C4<10101>, C4<0>, C4<0>, C4<0>;
v000001d5ded6fd00_0 .net/2u *"_ivl_10", 4 0, L_000001d5dede4108;  1 drivers
v000001d5ded703e0_0 .net *"_ivl_12", 0 0, L_000001d5dede23d0;  1 drivers
v000001d5ded6f8a0_0 .net *"_ivl_18", 0 0, L_000001d5ded8f4e0;  1 drivers
v000001d5ded6fc60_0 .net *"_ivl_2", 0 0, L_000001d5dede35f0;  1 drivers
v000001d5ded6fe40_0 .net *"_ivl_20", 0 0, L_000001d5ded8fa90;  1 drivers
v000001d5ded70340_0 .net *"_ivl_24", 31 0, L_000001d5dede2fb0;  1 drivers
v000001d5ded70020_0 .net *"_ivl_26", 31 0, L_000001d5dede3410;  1 drivers
L_000001d5dede40c0 .functor BUFT 1, C4<10001>, C4<0>, C4<0>, C4<0>;
v000001d5ded6f760_0 .net/2u *"_ivl_4", 4 0, L_000001d5dede40c0;  1 drivers
v000001d5ded700c0_0 .net *"_ivl_6", 0 0, L_000001d5dede2470;  1 drivers
v000001d5ded6fee0_0 .net *"_ivl_9", 0 0, L_000001d5ded8fc50;  1 drivers
o000001d5ded91178 .functor BUFZ 1, C4<z>; HiZ drive
v000001d5ded70480_0 .net "clk", 0 0, o000001d5ded91178;  0 drivers
v000001d5ded6f800_0 .var "div_busy", 0 0;
v000001d5ded70160_0 .var "div_count", 5 0;
v000001d5ded6f940_0 .var "div_dividend", 63 0;
v000001d5ded70200_0 .var "div_divisor", 31 0;
v000001d5ded6f580_0 .var "div_res_out", 31 0;
v000001d5ded6ff80_0 .var "div_val_out", 0 0;
v000001d5ded6f9e0_0 .var "fp_res_out", 31 0;
v000001d5ded6fa80_0 .var "fp_v1", 0 0;
v000001d5ded6fb20_0 .var "fp_v2", 0 0;
v000001d5ded702a0_0 .var "fp_v3", 0 0;
v000001d5ded6fbc0_0 .var "fp_v4", 0 0;
v000001d5dede21f0_0 .var "fp_v5", 0 0;
v000001d5dede2650_0 .var "fp_v6", 0 0;
v000001d5dede3a50_0 .var "int_res_s1", 31 0;
v000001d5dede25b0_0 .var "int_res_s2", 31 0;
v000001d5dede3910_0 .var "int_res_s3", 31 0;
v000001d5dede2150_0 .var "int_val_s1", 0 0;
v000001d5dede32d0_0 .var "int_val_s2", 0 0;
v000001d5dede30f0_0 .var "int_val_s3", 0 0;
v000001d5dede3af0_0 .net "is_fp_op", 0 0, L_000001d5ded8f630;  1 drivers
v000001d5dede3eb0_0 .var "mul_st1_a", 63 0;
v000001d5dede2a10_0 .var "mul_st1_b", 63 0;
v000001d5dede2f10_0 .var "mul_st2_part1", 63 0;
v000001d5dede28d0_0 .var "mul_st3_res", 31 0;
v000001d5dede3b90_0 .var "mul_st4_res", 31 0;
v000001d5dede2290_0 .var "mul_v1", 0 0;
v000001d5dede3190_0 .var "mul_v2", 0 0;
v000001d5dede26f0_0 .var "mul_v3", 0 0;
v000001d5dede37d0_0 .var "mul_v4", 0 0;
o000001d5ded91718 .functor BUFZ 5, C4<zzzzz>; HiZ drive
v000001d5dede34b0_0 .net "opcode", 4 0, o000001d5ded91718;  0 drivers
v000001d5dede2b50_0 .net "ready_out", 0 0, L_000001d5dede2ab0;  1 drivers
v000001d5dede2e70_0 .net "result_out", 31 0, L_000001d5dede2970;  1 drivers
o000001d5ded917a8 .functor BUFZ 1, C4<z>; HiZ drive
v000001d5dede3370_0 .net "rst_n", 0 0, o000001d5ded917a8;  0 drivers
o000001d5ded917d8 .functor BUFZ 32, C4<zzzzzzzzzzzzzzzzzzzzzzzzzzzzzzzz>; HiZ drive
v000001d5dede2bf0_0 .net "src1", 31 0, o000001d5ded917d8;  0 drivers
o000001d5ded91808 .functor BUFZ 32, C4<zzzzzzzzzzzzzzzzzzzzzzzzzzzzzzzz>; HiZ drive
v000001d5dede3870_0 .net "src2", 31 0, o000001d5ded91808;  0 drivers
o000001d5ded91838 .functor BUFZ 32, C4<zzzzzzzzzzzzzzzzzzzzzzzzzzzzzzzz>; HiZ drive
v000001d5dede2830_0 .net "src3", 31 0, o000001d5ded91838;  0 drivers
o000001d5ded91868 .functor BUFZ 1, C4<z>; HiZ drive
v000001d5dede2330_0 .net "stall_in", 0 0, o000001d5ded91868;  0 drivers
o000001d5ded91898 .functor BUFZ 1, C4<z>; HiZ drive
v000001d5dede39b0_0 .net "valid_in", 0 0, o000001d5ded91898;  0 drivers
v000001d5dede3c30_0 .net "valid_out", 0 0, L_000001d5ded8fa20;  1 drivers
E_000001d5ded6c170/0 .event negedge, v000001d5dede3370_0;
E_000001d5ded6c170/1 .event posedge, v000001d5ded70480_0;
E_000001d5ded6c170 .event/or E_000001d5ded6c170/0, E_000001d5ded6c170/1;
E_000001d5ded6c070/0 .event anyedge, v000001d5dede39b0_0, v000001d5dede2330_0, v000001d5dede34b0_0, v000001d5dede2bf0_0;
E_000001d5ded6c070/1 .event anyedge, v000001d5dede3870_0;
E_000001d5ded6c070 .event/or E_000001d5ded6c070/0, E_000001d5ded6c070/1;
L_000001d5dede35f0 .cmp/eq 5, o000001d5ded91718, L_000001d5dede4078;
L_000001d5dede2470 .cmp/eq 5, o000001d5ded91718, L_000001d5dede40c0;
L_000001d5dede23d0 .cmp/eq 5, o000001d5ded91718, L_000001d5dede4108;
L_000001d5dede2ab0 .reduce/nor v000001d5ded6f800_0;
L_000001d5dede2fb0 .functor MUXZ 32, v000001d5dede3910_0, v000001d5dede3b90_0, v000001d5dede37d0_0, C4<>;
L_000001d5dede3410 .functor MUXZ 32, L_000001d5dede2fb0, v000001d5ded6f580_0, v000001d5ded6ff80_0, C4<>;
L_000001d5dede2970 .functor MUXZ 32, L_000001d5dede3410, v000001d5ded6f9e0_0, v000001d5dede2650_0, C4<>;
    .scope S_000001d5ded42c90;
T_0 ;
    %wait E_000001d5ded6c070;
    %pushi/vec4 0, 0, 32;
    %store/vec4 v000001d5dede3a50_0, 0, 32;
    %pushi/vec4 0, 0, 1;
    %store/vec4 v000001d5dede2150_0, 0, 1;
    %load/vec4 v000001d5dede39b0_0;
    %flag_set/vec4 9;
    %flag_get/vec4 9;
    %jmp/0 T_0.2, 9;
    %load/vec4 v000001d5dede2330_0;
    %nor/r;
    %and;
T_0.2;
    %flag_set/vec4 8;
    %jmp/0xz  T_0.0, 8;
    %load/vec4 v000001d5dede34b0_0;
    %dup/vec4;
    %pushi/vec4 0, 0, 5;
    %cmp/u;
    %jmp/1 T_0.3, 6;
    %dup/vec4;
    %pushi/vec4 1, 0, 5;
    %cmp/u;
    %jmp/1 T_0.4, 6;
    %dup/vec4;
    %pushi/vec4 5, 0, 5;
    %cmp/u;
    %jmp/1 T_0.5, 6;
    %dup/vec4;
    %pushi/vec4 6, 0, 5;
    %cmp/u;
    %jmp/1 T_0.6, 6;
    %dup/vec4;
    %pushi/vec4 7, 0, 5;
    %cmp/u;
    %jmp/1 T_0.7, 6;
    %pushi/vec4 0, 0, 1;
    %store/vec4 v000001d5dede2150_0, 0, 1;
    %jmp T_0.9;
T_0.3 ;
    %load/vec4 v000001d5dede2bf0_0;
    %load/vec4 v000001d5dede3870_0;
    %add;
    %store/vec4 v000001d5dede3a50_0, 0, 32;
    %pushi/vec4 1, 0, 1;
    %store/vec4 v000001d5dede2150_0, 0, 1;
    %jmp T_0.9;
T_0.4 ;
    %load/vec4 v000001d5dede2bf0_0;
    %load/vec4 v000001d5dede3870_0;
    %sub;
    %store/vec4 v000001d5dede3a50_0, 0, 32;
    %pushi/vec4 1, 0, 1;
    %store/vec4 v000001d5dede2150_0, 0, 1;
    %jmp T_0.9;
T_0.5 ;
    %load/vec4 v000001d5dede2bf0_0;
    %load/vec4 v000001d5dede3870_0;
    %and;
    %store/vec4 v000001d5dede3a50_0, 0, 32;
    %pushi/vec4 1, 0, 1;
    %store/vec4 v000001d5dede2150_0, 0, 1;
    %jmp T_0.9;
T_0.6 ;
    %load/vec4 v000001d5dede2bf0_0;
    %load/vec4 v000001d5dede3870_0;
    %or;
    %store/vec4 v000001d5dede3a50_0, 0, 32;
    %pushi/vec4 1, 0, 1;
    %store/vec4 v000001d5dede2150_0, 0, 1;
    %jmp T_0.9;
T_0.7 ;
    %load/vec4 v000001d5dede2bf0_0;
    %load/vec4 v000001d5dede3870_0;
    %xor;
    %store/vec4 v000001d5dede3a50_0, 0, 32;
    %pushi/vec4 1, 0, 1;
    %store/vec4 v000001d5dede2150_0, 0, 1;
    %jmp T_0.9;
T_0.9 ;
    %pop/vec4 1;
T_0.0 ;
    %jmp T_0;
    .thread T_0, $push;
    .scope S_000001d5ded42c90;
T_1 ;
    %wait E_000001d5ded6c170;
    %load/vec4 v000001d5dede3370_0;
    %nor/r;
    %flag_set/vec4 8;
    %jmp/0xz  T_1.0, 8;
    %pushi/vec4 0, 0, 1;
    %assign/vec4 v000001d5dede32d0_0, 0;
    %pushi/vec4 0, 0, 1;
    %assign/vec4 v000001d5dede30f0_0, 0;
    %pushi/vec4 0, 0, 32;
    %assign/vec4 v000001d5dede25b0_0, 0;
    %pushi/vec4 0, 0, 32;
    %assign/vec4 v000001d5dede3910_0, 0;
    %jmp T_1.1;
T_1.0 ;
    %load/vec4 v000001d5dede2330_0;
    %nor/r;
    %flag_set/vec4 8;
    %jmp/0xz  T_1.2, 8;
    %load/vec4 v000001d5dede2150_0;
    %assign/vec4 v000001d5dede32d0_0, 0;
    %load/vec4 v000001d5dede3a50_0;
    %assign/vec4 v000001d5dede25b0_0, 0;
    %load/vec4 v000001d5dede32d0_0;
    %assign/vec4 v000001d5dede30f0_0, 0;
    %load/vec4 v000001d5dede25b0_0;
    %assign/vec4 v000001d5dede3910_0, 0;
T_1.2 ;
T_1.1 ;
    %jmp T_1;
    .thread T_1;
    .scope S_000001d5ded42c90;
T_2 ;
    %wait E_000001d5ded6c170;
    %load/vec4 v000001d5dede3370_0;
    %nor/r;
    %flag_set/vec4 8;
    %jmp/0xz  T_2.0, 8;
    %pushi/vec4 0, 0, 1;
    %assign/vec4 v000001d5dede2290_0, 0;
    %pushi/vec4 0, 0, 1;
    %assign/vec4 v000001d5dede3190_0, 0;
    %pushi/vec4 0, 0, 1;
    %assign/vec4 v000001d5dede26f0_0, 0;
    %pushi/vec4 0, 0, 1;
    %assign/vec4 v000001d5dede37d0_0, 0;
    %jmp T_2.1;
T_2.0 ;
    %load/vec4 v000001d5dede2330_0;
    %nor/r;
    %flag_set/vec4 8;
    %jmp/0xz  T_2.2, 8;
    %load/vec4 v000001d5dede39b0_0;
    %flag_set/vec4 8;
    %flag_get/vec4 8;
    %jmp/0 T_2.4, 8;
    %load/vec4 v000001d5dede34b0_0;
    %pushi/vec4 2, 0, 5;
    %cmp/e;
    %flag_get/vec4 4;
    %and;
T_2.4;
    %assign/vec4 v000001d5dede2290_0, 0;
    %load/vec4 v000001d5dede2bf0_0;
    %pad/u 64;
    %assign/vec4 v000001d5dede3eb0_0, 0;
    %load/vec4 v000001d5dede3870_0;
    %pad/u 64;
    %assign/vec4 v000001d5dede2a10_0, 0;
    %load/vec4 v000001d5dede2290_0;
    %assign/vec4 v000001d5dede3190_0, 0;
    %load/vec4 v000001d5dede3eb0_0;
    %parti/s 16, 0, 2;
    %pad/u 64;
    %load/vec4 v000001d5dede2a10_0;
    %parti/s 16, 0, 2;
    %pad/u 64;
    %mul;
    %assign/vec4 v000001d5dede2f10_0, 0;
    %load/vec4 v000001d5dede3190_0;
    %assign/vec4 v000001d5dede26f0_0, 0;
    %load/vec4 v000001d5dede3eb0_0;
    %load/vec4 v000001d5dede2a10_0;
    %mul;
    %pad/u 32;
    %assign/vec4 v000001d5dede28d0_0, 0;
    %load/vec4 v000001d5dede26f0_0;
    %assign/vec4 v000001d5dede37d0_0, 0;
    %load/vec4 v000001d5dede28d0_0;
    %assign/vec4 v000001d5dede3b90_0, 0;
T_2.2 ;
T_2.1 ;
    %jmp T_2;
    .thread T_2;
    .scope S_000001d5ded42c90;
T_3 ;
    %wait E_000001d5ded6c170;
    %load/vec4 v000001d5dede3370_0;
    %nor/r;
    %flag_set/vec4 8;
    %jmp/0xz  T_3.0, 8;
    %pushi/vec4 0, 0, 1;
    %assign/vec4 v000001d5ded6f800_0, 0;
    %pushi/vec4 0, 0, 6;
    %assign/vec4 v000001d5ded70160_0, 0;
    %pushi/vec4 0, 0, 1;
    %assign/vec4 v000001d5ded6ff80_0, 0;
    %jmp T_3.1;
T_3.0 ;
    %pushi/vec4 0, 0, 1;
    %assign/vec4 v000001d5ded6ff80_0, 0;
    %load/vec4 v000001d5dede39b0_0;
    %flag_set/vec4 10;
    %flag_get/vec4 10;
    %jmp/0 T_3.5, 10;
    %load/vec4 v000001d5dede34b0_0;
    %pushi/vec4 3, 0, 5;
    %cmp/e;
    %flag_get/vec4 4;
    %and;
T_3.5;
    %flag_set/vec4 9;
    %flag_get/vec4 9;
    %jmp/0 T_3.4, 9;
    %load/vec4 v000001d5ded6f800_0;
    %nor/r;
    %and;
T_3.4;
    %flag_set/vec4 8;
    %jmp/0xz  T_3.2, 8;
    %pushi/vec4 1, 0, 1;
    %assign/vec4 v000001d5ded6f800_0, 0;
    %pushi/vec4 32, 0, 6;
    %assign/vec4 v000001d5ded70160_0, 0;
    %pushi/vec4 0, 0, 32;
    %load/vec4 v000001d5dede2bf0_0;
    %concat/vec4; draw_concat_vec4
    %assign/vec4 v000001d5ded6f940_0, 0;
    %load/vec4 v000001d5dede3870_0;
    %assign/vec4 v000001d5ded70200_0, 0;
    %jmp T_3.3;
T_3.2 ;
    %load/vec4 v000001d5ded6f800_0;
    %flag_set/vec4 8;
    %jmp/0xz  T_3.6, 8;
    %load/vec4 v000001d5ded70160_0;
    %pad/u 32;
    %cmpi/e 0, 0, 32;
    %jmp/0xz  T_3.8, 4;
    %pushi/vec4 0, 0, 1;
    %assign/vec4 v000001d5ded6f800_0, 0;
    %pushi/vec4 1, 0, 1;
    %assign/vec4 v000001d5ded6ff80_0, 0;
    %load/vec4 v000001d5ded6f940_0;
    %parti/s 32, 0, 2;
    %assign/vec4 v000001d5ded6f580_0, 0;
    %jmp T_3.9;
T_3.8 ;
    %load/vec4 v000001d5ded70160_0;
    %subi 1, 0, 6;
    %assign/vec4 v000001d5ded70160_0, 0;
T_3.9 ;
T_3.6 ;
T_3.3 ;
T_3.1 ;
    %jmp T_3;
    .thread T_3;
    .scope S_000001d5ded42c90;
T_4 ;
    %wait E_000001d5ded6c170;
    %load/vec4 v000001d5dede3370_0;
    %nor/r;
    %flag_set/vec4 8;
    %jmp/0xz  T_4.0, 8;
    %pushi/vec4 0, 0, 1;
    %assign/vec4 v000001d5ded6fa80_0, 0;
    %pushi/vec4 0, 0, 1;
    %assign/vec4 v000001d5ded6fb20_0, 0;
    %pushi/vec4 0, 0, 1;
    %assign/vec4 v000001d5ded702a0_0, 0;
    %pushi/vec4 0, 0, 1;
    %assign/vec4 v000001d5ded6fbc0_0, 0;
    %pushi/vec4 0, 0, 1;
    %assign/vec4 v000001d5dede21f0_0, 0;
    %pushi/vec4 0, 0, 1;
    %assign/vec4 v000001d5dede2650_0, 0;
    %jmp T_4.1;
T_4.0 ;
    %load/vec4 v000001d5dede2330_0;
    %nor/r;
    %flag_set/vec4 8;
    %jmp/0xz  T_4.2, 8;
    %load/vec4 v000001d5dede39b0_0;
    %flag_set/vec4 8;
    %flag_get/vec4 8;
    %jmp/0 T_4.4, 8;
    %load/vec4 v000001d5dede3af0_0;
    %and;
T_4.4;
    %assign/vec4 v000001d5ded6fa80_0, 0;
    %load/vec4 v000001d5ded6fa80_0;
    %assign/vec4 v000001d5ded6fb20_0, 0;
    %load/vec4 v000001d5ded6fb20_0;
    %assign/vec4 v000001d5ded702a0_0, 0;
    %load/vec4 v000001d5ded702a0_0;
    %assign/vec4 v000001d5ded6fbc0_0, 0;
    %load/vec4 v000001d5ded6fbc0_0;
    %assign/vec4 v000001d5dede21f0_0, 0;
    %load/vec4 v000001d5dede21f0_0;
    %assign/vec4 v000001d5dede2650_0, 0;
    %load/vec4 v000001d5dede2bf0_0;
    %load/vec4 v000001d5dede3870_0;
    %xor;
    %load/vec4 v000001d5dede2830_0;
    %xor;
    %assign/vec4 v000001d5ded6f9e0_0, 0;
T_4.2 ;
T_4.1 ;
    %jmp T_4;
    .thread T_4;
# The file index is used to find the file name in the following table.
:file_names 4;
    "N/A";
    "<interactive>";
    "-";
    "rtl/core/titan_x5_alu.v";
